{"C:\\Users\\sandr\\OneDrive\\Bureau\\Chifoumi_V1\\index.js": {"path":"C:\\Users\\sandr\\OneDrive\\Bureau\\Chifoumi_V1\\index.js","statementMap":{"0":{"start":{"line":1,"column":23},"end":{"line":1,"column":55}},"1":{"start":{"line":3,"column":18},"end":{"line":3,"column":19}},"2":{"start":{"line":4,"column":16},"end":{"line":4,"column":17}},"3":{"start":{"line":5,"column":19},"end":{"line":5,"column":21}},"4":{"start":{"line":8,"column":2},"end":{"line":16,"column":3}},"5":{"start":{"line":9,"column":4},"end":{"line":9,"column":23}},"6":{"start":{"line":10,"column":9},"end":{"line":16,"column":3}},"7":{"start":{"line":11,"column":4},"end":{"line":11,"column":61}},"8":{"start":{"line":12,"column":9},"end":{"line":16,"column":3}},"9":{"start":{"line":13,"column":4},"end":{"line":13,"column":60}},"10":{"start":{"line":14,"column":9},"end":{"line":16,"column":3}},"11":{"start":{"line":15,"column":4},"end":{"line":15,"column":61}},"12":{"start":{"line":20,"column":20},"end":{"line":20,"column":65}},"13":{"start":{"line":21,"column":22},"end":{"line":21,"column":67}},"14":{"start":{"line":22,"column":19},"end":{"line":22,"column":51}},"15":{"start":{"line":24,"column":2},"end":{"line":24,"column":295}},"16":{"start":{"line":26,"column":2},"end":{"line":30,"column":5}},"17":{"start":{"line":32,"column":2},"end":{"line":36,"column":3}},"18":{"start":{"line":33,"column":4},"end":{"line":33,"column":18}},"19":{"start":{"line":34,"column":9},"end":{"line":36,"column":3}},"20":{"start":{"line":35,"column":4},"end":{"line":35,"column":16}},"21":{"start":{"line":38,"column":2},"end":{"line":50,"column":3}},"22":{"start":{"line":39,"column":4},"end":{"line":39,"column":12}},"23":{"start":{"line":41,"column":20},"end":{"line":43,"column":30}},"24":{"start":{"line":44,"column":4},"end":{"line":44,"column":116}},"25":{"start":{"line":46,"column":4},"end":{"line":46,"column":44}},"26":{"start":{"line":47,"column":8},"end":{"line":49,"column":7}},"27":{"start":{"line":48,"column":6},"end":{"line":48,"column":403}},"28":{"start":{"line":53,"column":0},"end":{"line":53,"column":8}}},"fnMap":{"0":{"name":"comparer","decl":{"start":{"line":7,"column":9},"end":{"line":7,"column":17}},"loc":{"start":{"line":7,"column":42},"end":{"line":17,"column":1}},"line":7},"1":{"name":"jouer","decl":{"start":{"line":19,"column":9},"end":{"line":19,"column":14}},"loc":{"start":{"line":19,"column":17},"end":{"line":51,"column":1}},"line":19},"2":{"name":"(anonymous_2)","decl":{"start":{"line":47,"column":27},"end":{"line":47,"column":28}},"loc":{"start":{"line":47,"column":44},"end":{"line":49,"column":5}},"line":47}},"branchMap":{"0":{"loc":{"start":{"line":8,"column":2},"end":{"line":16,"column":3}},"type":"if","locations":[{"start":{"line":8,"column":2},"end":{"line":16,"column":3}},{"start":{"line":10,"column":9},"end":{"line":16,"column":3}}],"line":8},"1":{"loc":{"start":{"line":10,"column":9},"end":{"line":16,"column":3}},"type":"if","locations":[{"start":{"line":10,"column":9},"end":{"line":16,"column":3}},{"start":{"line":12,"column":9},"end":{"line":16,"column":3}}],"line":10},"2":{"loc":{"start":{"line":11,"column":11},"end":{"line":11,"column":60}},"type":"cond-expr","locations":[{"start":{"line":11,"column":39},"end":{"line":11,"column":48}},{"start":{"line":11,"column":51},"end":{"line":11,"column":60}}],"line":11},"3":{"loc":{"start":{"line":12,"column":9},"end":{"line":16,"column":3}},"type":"if","locations":[{"start":{"line":12,"column":9},"end":{"line":16,"column":3}},{"start":{"line":14,"column":9},"end":{"line":16,"column":3}}],"line":12},"4":{"loc":{"start":{"line":13,"column":11},"end":{"line":13,"column":59}},"type":"cond-expr","locations":[{"start":{"line":13,"column":38},"end":{"line":13,"column":47}},{"start":{"line":13,"column":50},"end":{"line":13,"column":59}}],"line":13},"5":{"loc":{"start":{"line":14,"column":9},"end":{"line":16,"column":3}},"type":"if","locations":[{"start":{"line":14,"column":9},"end":{"line":16,"column":3}},{"start":{},"end":{}}],"line":14},"6":{"loc":{"start":{"line":15,"column":11},"end":{"line":15,"column":60}},"type":"cond-expr","locations":[{"start":{"line":15,"column":39},"end":{"line":15,"column":48}},{"start":{"line":15,"column":51},"end":{"line":15,"column":60}}],"line":15},"7":{"loc":{"start":{"line":24,"column":157},"end":{"line":24,"column":291}},"type":"cond-expr","locations":[{"start":{"line":24,"column":184},"end":{"line":24,"column":210}},{"start":{"line":24,"column":214},"end":{"line":24,"column":290}}],"line":24},"8":{"loc":{"start":{"line":24,"column":214},"end":{"line":24,"column":290}},"type":"cond-expr","locations":[{"start":{"line":24,"column":239},"end":{"line":24,"column":263}},{"start":{"line":24,"column":266},"end":{"line":24,"column":290}}],"line":24},"9":{"loc":{"start":{"line":32,"column":2},"end":{"line":36,"column":3}},"type":"if","locations":[{"start":{"line":32,"column":2},"end":{"line":36,"column":3}},{"start":{"line":34,"column":9},"end":{"line":36,"column":3}}],"line":32},"10":{"loc":{"start":{"line":34,"column":9},"end":{"line":36,"column":3}},"type":"if","locations":[{"start":{"line":34,"column":9},"end":{"line":36,"column":3}},{"start":{},"end":{}}],"line":34},"11":{"loc":{"start":{"line":38,"column":2},"end":{"line":50,"column":3}},"type":"if","locations":[{"start":{"line":38,"column":2},"end":{"line":50,"column":3}},{"start":{"line":40,"column":9},"end":{"line":50,"column":3}}],"line":38},"12":{"loc":{"start":{"line":38,"column":6},"end":{"line":38,"column":38}},"type":"binary-expr","locations":[{"start":{"line":38,"column":6},"end":{"line":38,"column":21}},{"start":{"line":38,"column":25},"end":{"line":38,"column":38}}],"line":38},"13":{"loc":{"start":{"line":41,"column":20},"end":{"line":43,"column":30}},"type":"cond-expr","locations":[{"start":{"line":41,"column":50},"end":{"line":41,"column":76}},{"start":{"line":42,"column":6},"end":{"line":43,"column":30}}],"line":41},"14":{"loc":{"start":{"line":42,"column":6},"end":{"line":43,"column":30}},"type":"cond-expr","locations":[{"start":{"line":42,"column":34},"end":{"line":42,"column":58}},{"start":{"line":43,"column":6},"end":{"line":43,"column":30}}],"line":42},"15":{"loc":{"start":{"line":48,"column":159},"end":{"line":48,"column":399}},"type":"cond-expr","locations":[{"start":{"line":48,"column":191},"end":{"line":48,"column":217}},{"start":{"line":48,"column":220},"end":{"line":48,"column":399}}],"line":48},"16":{"loc":{"start":{"line":48,"column":223},"end":{"line":48,"column":397}},"type":"cond-expr","locations":[{"start":{"line":48,"column":260},"end":{"line":48,"column":327}},{"start":{"line":48,"column":330},"end":{"line":48,"column":397}}],"line":48}},"s":{"0":1,"1":1,"2":1,"3":1,"4":3,"5":1,"6":2,"7":1,"8":1,"9":0,"10":1,"11":1,"12":3,"13":3,"14":3,"15":3,"16":3,"17":3,"18":0,"19":3,"20":2,"21":3,"22":2,"23":1,"24":1,"25":1,"26":1,"27":3,"28":1},"f":{"0":3,"1":3,"2":3},"b":{"0":[1,2],"1":[1,1],"2":[0,1],"3":[0,1],"4":[0,0],"5":[1,0],"6":[0,1],"7":[1,2],"8":[0,2],"9":[0,3],"10":[2,1],"11":[2,1],"12":[3,3],"13":[0,1],"14":[1,0],"15":[1,2],"16":[0,2]},"_coverageSchema":"1a1c01bbd47fc00a2c39e90264f33305004495a9","hash":"a813da28b0bb9c2ebba0e485cb6332aa8a08cbdf"}
}
