TN:
SF:index.js
FN:7,comparer
FN:19,jouer
FN:47,(anonymous_2)
FNF:3
FNH:3
FNDA:3,comparer
FNDA:3,jouer
FNDA:3,(anonymous_2)
DA:1,1
DA:3,1
DA:4,1
DA:5,1
DA:8,3
DA:9,1
DA:10,2
DA:11,1
DA:12,1
DA:13,0
DA:14,1
DA:15,1
DA:20,3
DA:21,3
DA:22,3
DA:24,3
DA:26,3
DA:32,3
DA:33,0
DA:34,3
DA:35,2
DA:38,3
DA:39,2
DA:41,1
DA:44,1
DA:46,1
DA:47,1
DA:48,3
DA:53,1
LF:29
LH:27
BRDA:8,0,0,1
BRDA:8,0,1,2
BRDA:10,1,0,1
BRDA:10,1,1,1
BRDA:11,2,0,0
BRDA:11,2,1,1
BRDA:12,3,0,0
BRDA:12,3,1,1
BRDA:13,4,0,0
BRDA:13,4,1,0
BRDA:14,5,0,1
BRDA:14,5,1,0
BRDA:15,6,0,0
BRDA:15,6,1,1
BRDA:24,7,0,1
BRDA:24,7,1,2
BRDA:24,8,0,0
BRDA:24,8,1,2
BRDA:32,9,0,0
BRDA:32,9,1,3
BRDA:34,10,0,2
BRDA:34,10,1,1
BRDA:38,11,0,2
BRDA:38,11,1,1
BRDA:38,12,0,3
BRDA:38,12,1,3
BRDA:41,13,0,0
BRDA:41,13,1,1
BRDA:42,14,0,1
BRDA:42,14,1,0
BRDA:48,15,0,1
BRDA:48,15,1,2
BRDA:48,16,0,0
BRDA:48,16,1,2
BRF:34
BRH:23
end_of_record
